<?xml version="1.0" encoding="UTF-8"?>
<!-- Generated by org.testng.reporters.JUnitXMLReporter -->
<testsuite hostname="DESKTOP-TFUE92S" name="Test" tests="4" failures="0" timestamp="1 May 2020 15:58:39 GMT" time="56.546" errors="0">
  <testcase name="LoginPage" time="22.148" classname="Automation.Saucedemo.SauceSmoke"/>
  <testcase name="checkoutInformation" time="0.942" classname="Automation.Saucedemo.SauceSmoke"/>
  <testcase name="checkoutOverwiev" time="0.538" classname="Automation.Saucedemo.SauceSmoke"/>
  <testcase name="complateShoping" time="0.092" classname="Automation.Saucedemo.SauceSmoke"/>
</testsuite> <!-- Test -->
