<?xml version="1.0" encoding="UTF-8"?>
<testng-results skipped="0" failed="0" total="4" passed="4">
  <reporter-output>
  </reporter-output>
  <suite name="Suite" duration-ms="56546" started-at="2020-05-01T15:57:42Z" finished-at="2020-05-01T15:58:38Z">
    <groups>
    </groups>
    <test name="Test" duration-ms="56546" started-at="2020-05-01T15:57:42Z" finished-at="2020-05-01T15:58:38Z">
      <class name="Automation.Saucedemo.SauceSmoke">
        <test-method status="PASS" signature="initialize()[pri:0, instance:Automation.Saucedemo.SauceSmoke@f2f2cc1]" name="initialize" is-config="true" duration-ms="32402" started-at="2020-05-01T17:57:42Z" finished-at="2020-05-01T17:58:14Z">
          <reporter-output>
          </reporter-output>
        </test-method> <!-- initialize -->
        <test-method status="PASS" signature="LoginPage()[pri:0, instance:Automation.Saucedemo.SauceSmoke@f2f2cc1]" name="LoginPage" duration-ms="22148" started-at="2020-05-01T17:58:14Z" finished-at="2020-05-01T17:58:37Z">
          <reporter-output>
          </reporter-output>
        </test-method> <!-- LoginPage -->
        <test-method status="PASS" signature="checkoutInformation()[pri:0, instance:Automation.Saucedemo.SauceSmoke@f2f2cc1]" name="checkoutInformation" duration-ms="942" started-at="2020-05-01T17:58:37Z" finished-at="2020-05-01T17:58:37Z">
          <reporter-output>
          </reporter-output>
        </test-method> <!-- checkoutInformation -->
        <test-method status="PASS" signature="checkoutOverwiev()[pri:0, instance:Automation.Saucedemo.SauceSmoke@f2f2cc1]" name="checkoutOverwiev" duration-ms="538" started-at="2020-05-01T17:58:37Z" finished-at="2020-05-01T17:58:38Z">
          <reporter-output>
          </reporter-output>
        </test-method> <!-- checkoutOverwiev -->
        <test-method status="PASS" signature="complateShoping()[pri:0, instance:Automation.Saucedemo.SauceSmoke@f2f2cc1]" name="complateShoping" duration-ms="92" started-at="2020-05-01T17:58:38Z" finished-at="2020-05-01T17:58:38Z">
          <reporter-output>
          </reporter-output>
        </test-method> <!-- complateShoping -->
        <test-method status="PASS" signature="closeBrowser()[pri:0, instance:Automation.Saucedemo.SauceSmoke@f2f2cc1]" name="closeBrowser" is-config="true" duration-ms="398" started-at="2020-05-01T17:58:38Z" finished-at="2020-05-01T17:58:38Z">
          <reporter-output>
          </reporter-output>
        </test-method> <!-- closeBrowser -->
      </class> <!-- Automation.Saucedemo.SauceSmoke -->
    </test> <!-- Test -->
  </suite> <!-- Suite -->
</testng-results>
