<?xml version="1.0" encoding="UTF-8"?>
<!-- Generated by org.testng.reporters.JUnitXMLReporter -->
<testsuite hostname="DESKTOP-TFUE92S" name="Default test" tests="4" failures="0" timestamp="1 May 2020 15:07:38 GMT" time="100.234" errors="0">
  <testcase name="LoginPage" time="75.912" classname="Automation.Saucedemo.SauceSmoke"/>
  <testcase name="checkoutInformation" time="1.483" classname="Automation.Saucedemo.SauceSmoke"/>
  <testcase name="checkoutOverwiev" time="1.187" classname="Automation.Saucedemo.SauceSmoke"/>
  <testcase name="complateShoping" time="0.093" classname="Automation.Saucedemo.SauceSmoke"/>
</testsuite> <!-- Default test -->
